  raytracing.cpp
E:\Save Folder\Cpp\Raytracing\Raytracing\Raytracing\color.h(18,5): error C2678: binary '<<': no operator found which takes a left-hand operand of type 'std::ofstream' (or there is no acceptable conversion)
  (compiling source file 'raytracing.cpp')
      E:\Save Folder\Cpp\Raytracing\Raytracing\Raytracing\vec3.h(55,22):
      could be 'std::ostream &operator <<(std::ostream &,const vec3 &)'
          E:\Save Folder\Cpp\Raytracing\Raytracing\Raytracing\color.h(18,5):
          'std::ostream &operator <<(std::ostream &,const vec3 &)': cannot convert argument 1 from 'std::ofstream' to 'std::ostream &'
      E:\Installed softwares\Visual Studio 2022\VC\Tools\MSVC\14.44.35207\include\xstring(3444,32):
      or       'std::basic_ostream<_Elem,_Traits> &std::operator <<(std::basic_ostream<_Elem,_Traits> &,const std::basic_string<_Elem,_Traits,_Alloc> &)'
          E:\Save Folder\Cpp\Raytracing\Raytracing\Raytracing\color.h(18,5):
          'std::basic_ostream<_Elem,_Traits> &std::operator <<(std::basic_ostream<_Elem,_Traits> &,const std::basic_string<_Elem,_Traits,_Alloc> &)': could not deduce template argument for 'std::basic_ostream<_Elem,_Traits> &' from 'std::ofstream'
      E:\Installed softwares\Visual Studio 2022\VC\Tools\MSVC\14.44.35207\include\memory(1984,32):
      or       'std::basic_ostream<_Elem,_Traits> &std::operator <<(std::basic_ostream<_Elem,_Traits> &,const std::shared_ptr<_Ty> &)'
          E:\Save Folder\Cpp\Raytracing\Raytracing\Raytracing\color.h(18,5):
          'std::basic_ostream<_Elem,_Traits> &std::operator <<(std::basic_ostream<_Elem,_Traits> &,const std::shared_ptr<_Ty> &)': could not deduce template argument for 'std::basic_ostream<_Elem,_Traits> &' from 'std::ofstream'
      E:\Installed softwares\Visual Studio 2022\VC\Tools\MSVC\14.44.35207\include\memory(3792,32):
      or       'std::basic_ostream<_Elem,_Traits> &std::operator <<(std::basic_ostream<_Elem,_Traits> &,const std::unique_ptr<_Ty2,_Dx2> &)'
          E:\Save Folder\Cpp\Raytracing\Raytracing\Raytracing\color.h(18,5):
          'std::basic_ostream<_Elem,_Traits> &std::operator <<(std::basic_ostream<_Elem,_Traits> &,const std::unique_ptr<_Ty2,_Dx2> &)': could not deduce template argument for 'std::basic_ostream<_Elem,_Traits> &' from 'std::ofstream'
      E:\Installed softwares\Visual Studio 2022\VC\Tools\MSVC\14.44.35207\include\__msvc_ostream.hpp(688,32):
      or       'std::basic_ostream<_Elem,_Traits> &std::operator <<(std::basic_ostream<_Elem,_Traits> &,const char *)'
          E:\Save Folder\Cpp\Raytracing\Raytracing\Raytracing\color.h(18,5):
          'std::basic_ostream<_Elem,_Traits> &std::operator <<(std::basic_ostream<_Elem,_Traits> &,const char *)': could not deduce template argument for 'std::basic_ostream<_Elem,_Traits> &' from 'std::ofstream'
      E:\Installed softwares\Visual Studio 2022\VC\Tools\MSVC\14.44.35207\include\__msvc_ostream.hpp(732,32):
      or       'std::basic_ostream<_Elem,_Traits> &std::operator <<(std::basic_ostream<_Elem,_Traits> &,char)'
          E:\Save Folder\Cpp\Raytracing\Raytracing\Raytracing\color.h(18,5):
          'std::basic_ostream<_Elem,_Traits> &std::operator <<(std::basic_ostream<_Elem,_Traits> &,char)': could not deduce template argument for 'std::basic_ostream<_Elem,_Traits> &' from 'std::ofstream'
      E:\Installed softwares\Visual Studio 2022\VC\Tools\MSVC\14.44.35207\include\__msvc_ostream.hpp(768,31):
      or       'std::basic_ostream<char,_Traits> &std::operator <<(std::basic_ostream<char,_Traits> &,const char *)'
          E:\Save Folder\Cpp\Raytracing\Raytracing\Raytracing\color.h(18,5):
          'std::basic_ostream<char,_Traits> &std::operator <<(std::basic_ostream<char,_Traits> &,const char *)': could not deduce template argument for 'std::basic_ostream<char,_Traits> &' from 'std::ofstream'
      E:\Installed softwares\Visual Studio 2022\VC\Tools\MSVC\14.44.35207\include\__msvc_ostream.hpp(813,31):
      or       'std::basic_ostream<char,_Traits> &std::operator <<(std::basic_ostream<char,_Traits> &,char)'
          E:\Save Folder\Cpp\Raytracing\Raytracing\Raytracing\color.h(18,5):
          'std::basic_ostream<char,_Traits> &std::operator <<(std::basic_ostream<char,_Traits> &,char)': could not deduce template argument for 'std::basic_ostream<char,_Traits> &' from 'std::ofstream'
      E:\Installed softwares\Visual Studio 2022\VC\Tools\MSVC\14.44.35207\include\__msvc_ostream.hpp(851,32):
      or       'std::basic_ostream<_Elem,_Traits> &std::operator <<(std::basic_ostream<_Elem,_Traits> &,const _Elem *)'
          E:\Save Folder\Cpp\Raytracing\Raytracing\Raytracing\color.h(18,5):
          'std::basic_ostream<_Elem,_Traits> &std::operator <<(std::basic_ostream<_Elem,_Traits> &,const _Elem *)': could not deduce template argument for 'std::basic_ostream<_Elem,_Traits> &' from 'std::ofstream'
      E:\Installed softwares\Visual Studio 2022\VC\Tools\MSVC\14.44.35207\include\__msvc_ostream.hpp(894,32):
      or       'std::basic_ostream<_Elem,_Traits> &std::operator <<(std::basic_ostream<_Elem,_Traits> &,_Elem)'
          E:\Save Folder\Cpp\Raytracing\Raytracing\Raytracing\color.h(18,5):
          'std::basic_ostream<_Elem,_Traits> &std::operator <<(std::basic_ostream<_Elem,_Traits> &,_Elem)': could not deduce template argument for 'std::basic_ostream<_Elem,_Traits> &' from 'std::ofstream'
      E:\Installed softwares\Visual Studio 2022\VC\Tools\MSVC\14.44.35207\include\__msvc_ostream.hpp(930,31):
      or       'std::basic_ostream<char,_Traits> &std::operator <<(std::basic_ostream<char,_Traits> &,const signed char *)'
          E:\Save Folder\Cpp\Raytracing\Raytracing\Raytracing\color.h(18,5):
          'std::basic_ostream<char,_Traits> &std::operator <<(std::basic_ostream<char,_Traits> &,const signed char *)': could not deduce template argument for 'std::basic_ostream<char,_Traits> &' from 'std::ofstream'
      E:\Installed softwares\Visual Studio 2022\VC\Tools\MSVC\14.44.35207\include\__msvc_ostream.hpp(936,31):
      or       'std::basic_ostream<char,_Traits> &std::operator <<(std::basic_ostream<char,_Traits> &,signed char)'
          E:\Save Folder\Cpp\Raytracing\Raytracing\Raytracing\color.h(18,5):
          'std::basic_ostream<char,_Traits> &std::operator <<(std::basic_ostream<char,_Traits> &,signed char)': could not deduce template argument for 'std::basic_ostream<char,_Traits> &' from 'std::ofstream'
      E:\Installed softwares\Visual Studio 2022\VC\Tools\MSVC\14.44.35207\include\__msvc_ostream.hpp(941,31):
      or       'std::basic_ostream<char,_Traits> &std::operator <<(std::basic_ostream<char,_Traits> &,const unsigned char *)'
          E:\Save Folder\Cpp\Raytracing\Raytracing\Raytracing\color.h(18,5):
          'std::basic_ostream<char,_Traits> &std::operator <<(std::basic_ostream<char,_Traits> &,const unsigned char *)': could not deduce template argument for 'std::basic_ostream<char,_Traits> &' from 'std::ofstream'
      E:\Installed softwares\Visual Studio 2022\VC\Tools\MSVC\14.44.35207\include\__msvc_ostream.hpp(947,31):
      or       'std::basic_ostream<char,_Traits> &std::operator <<(std::basic_ostream<char,_Traits> &,unsigned char)'
          E:\Save Folder\Cpp\Raytracing\Raytracing\Raytracing\color.h(18,5):
          'std::basic_ostream<char,_Traits> &std::operator <<(std::basic_ostream<char,_Traits> &,unsigned char)': could not deduce template argument for 'std::basic_ostream<char,_Traits> &' from 'std::ofstream'
      E:\Installed softwares\Visual Studio 2022\VC\Tools\MSVC\14.44.35207\include\__msvc_ostream.hpp(1005,9):
      or       '_Ostr &&std::operator <<(_Ostr &&,const _Ty &)'
          E:\Save Folder\Cpp\Raytracing\Raytracing\Raytracing\color.h(18,5):
          '_Ostr &&std::operator <<(_Ostr &&,const _Ty &)': could not deduce template argument for '__formal'
              E:\Installed softwares\Visual Studio 2022\VC\Tools\MSVC\14.44.35207\include\__msvc_ostream.hpp(1004,103):
              '<template-parameter>': you cannot create a pointer to a reference
      E:\Installed softwares\Visual Studio 2022\VC\Tools\MSVC\14.44.35207\include\__msvc_ostream.hpp(1031,32):
      or       'std::basic_ostream<_Elem,_Traits> &std::operator <<(std::basic_ostream<_Elem,_Traits> &,const std::error_code &)'
          E:\Save Folder\Cpp\Raytracing\Raytracing\Raytracing\color.h(18,5):
          'std::basic_ostream<_Elem,_Traits> &std::operator <<(std::basic_ostream<_Elem,_Traits> &,const std::error_code &)': could not deduce template argument for 'std::basic_ostream<_Elem,_Traits> &' from 'std::ofstream'
      E:\Save Folder\Cpp\Raytracing\Raytracing\Raytracing\color.h(18,5):
      while trying to match the argument list '(std::ofstream, int)'
  
